#
# There is insufficient memory for the Java Runtime Environment to continue.
# Native memory allocation (malloc) failed to allocate 1532624 bytes for Chunk::new
# Possible reasons:
#   The system is out of physical RAM or swap space
#   The process is running with CompressedOops enabled, and the Java Heap may be blocking the growth of the native heap
# Possible solutions:
#   Reduce memory load on the system
#   Increase physical memory or swap space
#   Check if swap backing store is full
#   Decrease Java heap size (-Xmx/-Xms)
#   Decrease number of Java threads
#   Decrease Java thread stack sizes (-Xss)
#   Set larger code cache with -XX:ReservedCodeCacheSize=
#   JVM is running with Unscaled Compressed Oops mode in which the Java heap is
#     placed in the first 4GB address space. The Java Heap base address is the
#     maximum limit for the native heap growth. Please use -XX:HeapBaseMinAddress
#     to set the Java Heap base and to place the Java Heap above 4GB virtual address.
# This output file may be truncated or incomplete.
#
#  Out of Memory Error (allocation.cpp:389), pid=6384, tid=0x0000000000000f80
#
# JRE version: OpenJDK Runtime Environment (8.0_242-b01) (build 1.8.0_242-release-1644-b01)
# Java VM: OpenJDK 64-Bit Server VM (25.242-b01 mixed mode windows-amd64 compressed oops)
# Failed to write core dump. Minidumps are not enabled by default on client versions of Windows
#

---------------  T H R E A D  ---------------

Current thread (0x0000000017e6c000):  JavaThread "C2 CompilerThread1" daemon [_thread_in_native, id=3968, stack(0x00000000195e0000,0x00000000196e0000)]

Stack: [0x00000000195e0000,0x00000000196e0000]
[error occurred during error reporting (printing stack bounds), id 0xc0000005]

Native frames: (J=compiled Java code, j=interpreted, Vv=VM code, C=native code)


Current CompileTask:
C2:8337625 44905       4       org.gradle.api.internal.artifacts.ivyservice.resolveengine.artifact.DefaultArtifactSet::singleVariant (52 bytes)


---------------  P R O C E S S  ---------------

Java Threads: ( => current thread )
  0x000000001f64a000 JavaThread "Cache worker for execution history cache (D:\Development\Tests\Peoples\.gradle\6.1.1\executionHistory)" [_thread_blocked, id=5104, stack(0x00000000374f0000,0x00000000375f0000)]
  0x000000001f649000 JavaThread "Execution worker for ':' Thread 3" [_thread_blocked, id=16520, stack(0x0000000035000000,0x0000000035100000)]
  0x000000001f646000 JavaThread "Execution worker for ':' Thread 2" [_thread_blocked, id=4712, stack(0x000000002eb90000,0x000000002ec90000)]
  0x000000001f64b800 JavaThread "Execution worker for ':'" [_thread_blocked, id=2128, stack(0x000000002bff0000,0x000000002c0f0000)]
  0x000000001f648800 JavaThread "Cache worker for file content cache (D:\Development\Tests\Peoples\.gradle\6.1.1\fileContent)" [_thread_blocked, id=7256, stack(0x00000000297a0000,0x00000000298a0000)]
  0x000000001f38c000 JavaThread "Cache worker for Build Output Cleanup Cache (D:\Development\Tests\Peoples\.gradle\buildOutputCleanup)" [_thread_blocked, id=2596, stack(0x00000000296a0000,0x00000000297a0000)]
  0x000000001f38e800 JavaThread "Build operations Thread 4" [_thread_blocked, id=1640, stack(0x0000000028da0000,0x0000000028ea0000)]
  0x000000001f38b800 JavaThread "Build operations Thread 3" [_thread_blocked, id=3248, stack(0x0000000026630000,0x0000000026730000)]
  0x000000001f38d800 JavaThread "Build operations Thread 2" [_thread_blocked, id=14708, stack(0x0000000024680000,0x0000000024780000)]
  0x000000001f38a800 JavaThread "Build operations" [_thread_blocked, id=9472, stack(0x0000000024360000,0x0000000024460000)]
  0x000000001f381800 JavaThread "Cache worker for cache directory md-rule (C:\Users\User\.gradle\caches\6.1.1\md-rule)" [_thread_blocked, id=16440, stack(0x0000000024060000,0x0000000024160000)]
  0x000000001f380000 JavaThread "Cache worker for cache directory md-supplier (C:\Users\User\.gradle\caches\6.1.1\md-supplier)" [_thread_blocked, id=4248, stack(0x0000000023940000,0x0000000023a40000)]
  0x000000001f387000 JavaThread "Cache worker for file hash cache (D:\Development\Tests\Peoples\.gradle\6.1.1\fileHashes)" [_thread_blocked, id=8052, stack(0x00000000227a0000,0x00000000228a0000)]
  0x000000001f37f800 JavaThread "Cache worker for checksums cache (D:\Development\Tests\Peoples\.gradle\checksums)" [_thread_blocked, id=7804, stack(0x0000000021550000,0x0000000021650000)]
  0x000000001f386000 JavaThread "Thread-514" [_thread_blocked, id=15816, stack(0x0000000020200000,0x0000000020300000)]
  0x000000001f385800 JavaThread "Stdin handler" [_thread_blocked, id=3388, stack(0x000000001d760000,0x000000001d860000)]
  0x000000001f384800 JavaThread "Asynchronous log dispatcher for DefaultDaemonConnection: socket connection from /127.0.0.1:51254 to /127.0.0.1:52940" [_thread_blocked, id=16880, stack(0x000000001d460000,0x000000001d560000)]
  0x000000001feb6800 JavaThread "Daemon worker Thread 16" [_thread_in_Java, id=15648, stack(0x000000001d360000,0x000000001d460000)]
  0x000000001feb2000 JavaThread "Cancel handler" [_thread_blocked, id=13732, stack(0x000000001d060000,0x000000001d160000)]
  0x000000001feaa800 JavaThread "Handler for socket connection from /127.0.0.1:51254 to /127.0.0.1:52940" [_thread_in_native, id=5652, stack(0x000000001cf60000,0x000000001d060000)]
  0x000000001feac800 JavaThread "Daemon Thread 16" [_thread_blocked, id=3500, stack(0x0000000002f40000,0x0000000003040000)]
  0x000000001a67f000 JavaThread "RMI TCP Connection(idle)" daemon [_thread_blocked, id=16196, stack(0x0000000039ea0000,0x0000000039fa0000)]
  0x000000001f383000 JavaThread "Cache worker for Java compile cache (C:\Users\User\.gradle\caches\6.1.1\javaCompile)" [_thread_blocked, id=5256, stack(0x000000002fcc0000,0x000000002fdc0000)]
  0x000000001feb4000 JavaThread "RMI Reaper" [_thread_blocked, id=9444, stack(0x000000002c2f0000,0x000000002c3f0000)]
  0x000000001feaf800 JavaThread "RMI TCP Accept-0" daemon [_thread_in_native, id=16308, stack(0x000000002c1f0000,0x000000002c2f0000)]
  0x000000001feb5000 JavaThread "GC Daemon" daemon [_thread_blocked, id=10564, stack(0x000000002c0f0000,0x000000002c1f0000)]
  0x000000001feb1000 JavaThread "RMI Scheduler(0)" daemon [_thread_blocked, id=6028, stack(0x000000002bef0000,0x000000002bff0000)]
  0x000000001afa4000 JavaThread "Cache worker for file content cache (C:\Users\User\.gradle\caches\6.1.1\fileContent)" [_thread_blocked, id=13012, stack(0x0000000028ca0000,0x0000000028da0000)]
  0x000000001afa3800 JavaThread "Memory manager" [_thread_blocked, id=1368, stack(0x00000000281a0000,0x00000000282a0000)]
  0x000000001bed2000 JavaThread "Cache worker for execution history cache (C:\Users\User\.gradle\caches\6.1.1\executionHistory)" [_thread_blocked, id=7936, stack(0x0000000021850000,0x0000000021950000)]
  0x000000001bece000 JavaThread "Cache worker for file hash cache (C:\Users\User\.gradle\caches\6.1.1\fileHashes)" [_thread_blocked, id=4648, stack(0x000000001dc60000,0x000000001dd60000)]
  0x000000001bed5000 JavaThread "File lock request listener" [_thread_in_native, id=3972, stack(0x000000001db60000,0x000000001dc60000)]
  0x000000001bede000 JavaThread "Cache worker for journal cache (C:\Users\User\.gradle\caches\journal-1)" [_thread_blocked, id=13828, stack(0x000000001da60000,0x000000001db60000)]
  0x000000001ba9c800 JavaThread "Daemon periodic checks" [_thread_blocked, id=11484, stack(0x000000001ce60000,0x000000001cf60000)]
  0x000000001ba4d000 JavaThread "Incoming local TCP Connector on port 51254" [_thread_in_native, id=5668, stack(0x0000000019ee0000,0x0000000019fe0000)]
  0x000000001b9a0800 JavaThread "Daemon health stats" [_thread_blocked, id=4532, stack(0x0000000019de0000,0x0000000019ee0000)]
  0x0000000019802800 JavaThread "Service Thread" daemon [_thread_blocked, id=4888, stack(0x0000000019be0000,0x0000000019ce0000)]
  0x0000000017e72800 JavaThread "C1 CompilerThread2" daemon [_thread_blocked, id=6164, stack(0x00000000196e0000,0x00000000197e0000)]
=>0x0000000017e6c000 JavaThread "C2 CompilerThread1" daemon [_thread_in_native, id=3968, stack(0x00000000195e0000,0x00000000196e0000)]
  0x0000000017e63800 JavaThread "C2 CompilerThread0" daemon [_thread_in_native, id=1896, stack(0x00000000194e0000,0x00000000195e0000)]
  0x0000000017e62000 JavaThread "Attach Listener" daemon [_thread_blocked, id=1372, stack(0x00000000193e0000,0x00000000194e0000)]
  0x0000000017e68000 JavaThread "Signal Dispatcher" daemon [_thread_blocked, id=3048, stack(0x00000000192e0000,0x00000000193e0000)]
  0x000000000323c800 JavaThread "Finalizer" daemon [_thread_blocked, id=4212, stack(0x00000000190d0000,0x00000000191d0000)]
  0x0000000003231000 JavaThread "Reference Handler" daemon [_thread_blocked, id=4904, stack(0x0000000018fd0000,0x00000000190d0000)]
  0x0000000003142800 JavaThread "main" [_thread_blocked, id=1880, stack(0x0000000003040000,0x0000000003140000)]

Other Threads:
  0x0000000017e26800 VMThread [stack: 0x0000000018ed0000,0x0000000018fd0000] [id=2440]
  0x0000000019803800 WatcherThread [stack: 0x0000000019ce0000,0x0000000019de0000] [id=624]

VM state:not at safepoint (normal execution)

VM Mutex/Monitor currently owned by a thread: None

heap address: 0x0000000080000000, size: 2048 MB, Compressed Oops mode: 32-bit
Narrow klass base: 0x0000000000000000, Narrow klass shift: 3
Compressed class space size: 1073741824 Address: 0x0000000100000000

Heap:
 PSYoungGen      total 542720K, used 340954K [0x00000000d5580000, 0x0000000100000000, 0x0000000100000000)
  eden space 425472K, 60% used [0x00000000d5580000,0x00000000e5125f00,0x00000000ef500000)
  from space 117248K, 71% used [0x00000000f6f80000,0x00000000fc0d0a28,0x00000000fe200000)
  to   space 125440K, 0% used [0x00000000ef500000,0x00000000ef500000,0x00000000f6f80000)
 ParOldGen       total 493056K, used 129437K [0x0000000080000000, 0x000000009e180000, 0x00000000d5580000)
  object space 493056K, 26% used [0x0000000080000000,0x0000000087e67760,0x000000009e180000)
 Metaspace       used 330161K, capacity 350320K, committed 350616K, reserved 1353728K
  class space    used 42010K, capacity 45671K, committed 45744K, reserved 1048576K

Card table byte_map: [0x0000000012600000,0x0000000012a10000] byte_map_base: 0x0000000012200000

Marking Bits: (ParMarkBitMap*) 0x000000005bb6f030
 Begin Bits: [0x00000000130c0000, 0x00000000150c0000)
 End Bits:   [0x00000000150c0000, 0x00000000170c0000)

Polling page: 0x0000000001710000

CodeCache: size=245760Kb used=112266Kb max_used=112458Kb free=133493Kb
 bounds [0x0000000003240000, 0x000000000a100000, 0x0000000012240000]
 total_blobs=33065 nmethods=32086 adapters=887
 compilation: enabled

Compilation events (10 events):
Event: 8337.312 Thread 0x0000000017e63800 nmethod 44908 0x000000000a0e7650 code [0x000000000a0e7be0, 0x000000000a0ecec8]
Event: 8337.315 Thread 0x0000000017e63800 44907       4       org.gradle.api.internal.artifacts.ivyservice.moduleconverter.DefaultLocalComponentMetadataBuilder::addConfiguration (100 bytes)
Event: 8337.520 Thread 0x0000000017e72800 44942   !   3       sun.reflect.GeneratedMethodAccessor329::invoke (76 bytes)
Event: 8337.520 Thread 0x0000000017e72800 nmethod 44942 0x0000000004b15850 code [0x0000000004b15a40, 0x0000000004b16358]
Event: 8337.577 Thread 0x0000000017e63800 nmethod 44907 0x000000000630ab10 code [0x000000000630b080, 0x000000000630ecb0]
Event: 8337.579 Thread 0x0000000017e63800 44909       4       org.gradle.api.internal.artifacts.ivyservice.resolveengine.artifact.DefaultArtifactSet::toResolvedVariant (195 bytes)
Event: 8337.592 Thread 0x0000000017e72800 44943   !   3       org.gradle.launcher.daemon.server.exec.LogToClient$AsynchronousLogDispatcher::dispatchAsync (33 bytes)
Event: 8337.593 Thread 0x0000000017e72800 nmethod 44943 0x0000000004946b90 code [0x0000000004946d40, 0x0000000004947338]
Event: 8337.606 Thread 0x0000000017e72800 44944       3       org.gradle.launcher.daemon.server.DefaultDaemonConnection::logEvent (27 bytes)
Event: 8337.606 Thread 0x0000000017e72800 nmethod 44944 0x0000000004b5add0 code [0x0000000004b5af60, 0x0000000004b5b3d8]

GC Heap History (10 events):
Event: 6648.855 GC heap before
{Heap before GC invocations=73 (full 8):
 PSYoungGen      total 545792K, used 435772K [0x00000000d5580000, 0x00000000ff000000, 0x0000000100000000)
  eden space 412160K, 100% used [0x00000000d5580000,0x00000000ee800000,0x00000000ee800000)
  from space 133632K, 17% used [0x00000000f6d80000,0x00000000f848f158,0x00000000ff000000)
  to   space 135168K, 0% used [0x00000000ee800000,0x00000000ee800000,0x00000000f6c00000)
 ParOldGen       total 493056K, used 318108K [0x0000000080000000, 0x000000009e180000, 0x00000000d5580000)
  object space 493056K, 64% used [0x0000000080000000,0x00000000936a7238,0x000000009e180000)
 Metaspace       used 299713K, capacity 317718K, committed 317848K, reserved 1325056K
  class space    used 38062K, capacity 41322K, committed 41392K, reserved 1048576K
Event: 6648.875 GC heap after
Heap after GC invocations=73 (full 8):
 PSYoungGen      total 547328K, used 20493K [0x00000000d5580000, 0x00000000ff780000, 0x0000000100000000)
  eden space 412160K, 0% used [0x00000000d5580000,0x00000000d5580000,0x00000000ee800000)
  from space 135168K, 15% used [0x00000000ee800000,0x00000000efc03528,0x00000000f6c00000)
  to   space 130048K, 0% used [0x00000000f7880000,0x00000000f7880000,0x00000000ff780000)
 ParOldGen       total 493056K, used 318116K [0x0000000080000000, 0x000000009e180000, 0x00000000d5580000)
  object space 493056K, 64% used [0x0000000080000000,0x00000000936a9238,0x000000009e180000)
 Metaspace       used 299713K, capacity 317718K, committed 317848K, reserved 1325056K
  class space    used 38062K, capacity 41322K, committed 41392K, reserved 1048576K
}
Event: 6653.832 GC heap before
{Heap before GC invocations=74 (full 8):
 PSYoungGen      total 547328K, used 432653K [0x00000000d5580000, 0x00000000ff780000, 0x0000000100000000)
  eden space 412160K, 100% used [0x00000000d5580000,0x00000000ee800000,0x00000000ee800000)
  from space 135168K, 15% used [0x00000000ee800000,0x00000000efc03528,0x00000000f6c00000)
  to   space 130048K, 0% used [0x00000000f7880000,0x00000000f7880000,0x00000000ff780000)
 ParOldGen       total 493056K, used 318116K [0x0000000080000000, 0x000000009e180000, 0x00000000d5580000)
  object space 493056K, 64% used [0x0000000080000000,0x00000000936a9238,0x000000009e180000)
 Metaspace       used 314183K, capacity 333118K, committed 333208K, reserved 1339392K
  class space    used 39963K, capacity 43402K, committed 43440K, reserved 1048576K
Event: 6653.863 GC heap after
Heap after GC invocations=74 (full 8):
 PSYoungGen      total 550912K, used 39350K [0x00000000d5580000, 0x00000000feb00000, 0x0000000100000000)
  eden space 433664K, 0% used [0x00000000d5580000,0x00000000d5580000,0x00000000efd00000)
  from space 117248K, 33% used [0x00000000f7880000,0x00000000f9eed8c0,0x00000000feb00000)
  to   space 121856K, 0% used [0x00000000efd00000,0x00000000efd00000,0x00000000f7400000)
 ParOldGen       total 493056K, used 318116K [0x0000000080000000, 0x000000009e180000, 0x00000000d5580000)
  object space 493056K, 64% used [0x0000000080000000,0x00000000936a9238,0x000000009e180000)
 Metaspace       used 314183K, capacity 333118K, committed 333208K, reserved 1339392K
  class space    used 39963K, capacity 43402K, committed 43440K, reserved 1048576K
}
Event: 8243.379 GC heap before
{Heap before GC invocations=75 (full 8):
 PSYoungGen      total 550912K, used 425732K [0x00000000d5580000, 0x00000000feb00000, 0x0000000100000000)
  eden space 433664K, 89% used [0x00000000d5580000,0x00000000eced37c8,0x00000000efd00000)
  from space 117248K, 33% used [0x00000000f7880000,0x00000000f9eed8c0,0x00000000feb00000)
  to   space 121856K, 0% used [0x00000000efd00000,0x00000000efd00000,0x00000000f7400000)
 ParOldGen       total 493056K, used 318116K [0x0000000080000000, 0x000000009e180000, 0x00000000d5580000)
  object space 493056K, 64% used [0x0000000080000000,0x00000000936a9238,0x000000009e180000)
 Metaspace       used 319819K, capacity 339500K, committed 339608K, reserved 1345536K
  class space    used 40752K, capacity 44369K, committed 44464K, reserved 1048576K
Event: 8243.440 GC heap after
Heap after GC invocations=75 (full 8):
 PSYoungGen      total 456192K, used 22271K [0x00000000d5580000, 0x00000000fe200000, 0x0000000100000000)
  eden space 433664K, 0% used [0x00000000d5580000,0x00000000d5580000,0x00000000efd00000)
  from space 22528K, 98% used [0x00000000efd00000,0x00000000f12bfd30,0x00000000f1300000)
  to   space 117248K, 0% used [0x00000000f6f80000,0x00000000f6f80000,0x00000000fe200000)
 ParOldGen       total 493056K, used 318124K [0x0000000080000000, 0x000000009e180000, 0x00000000d5580000)
  object space 493056K, 64% used [0x0000000080000000,0x00000000936ab238,0x000000009e180000)
 Metaspace       used 319819K, capacity 339500K, committed 339608K, reserved 1345536K
  class space    used 40752K, capacity 44369K, committed 44464K, reserved 1048576K
}
Event: 8243.440 GC heap before
{Heap before GC invocations=76 (full 9):
 PSYoungGen      total 456192K, used 22271K [0x00000000d5580000, 0x00000000fe200000, 0x0000000100000000)
  eden space 433664K, 0% used [0x00000000d5580000,0x00000000d5580000,0x00000000efd00000)
  from space 22528K, 98% used [0x00000000efd00000,0x00000000f12bfd30,0x00000000f1300000)
  to   space 117248K, 0% used [0x00000000f6f80000,0x00000000f6f80000,0x00000000fe200000)
 ParOldGen       total 493056K, used 318124K [0x0000000080000000, 0x000000009e180000, 0x00000000d5580000)
  object space 493056K, 64% used [0x0000000080000000,0x00000000936ab238,0x000000009e180000)
 Metaspace       used 319819K, capacity 339500K, committed 339608K, reserved 1345536K
  class space    used 40752K, capacity 44369K, committed 44464K, reserved 1048576K
Event: 8244.374 GC heap after
Heap after GC invocations=76 (full 9):
 PSYoungGen      total 456192K, used 0K [0x00000000d5580000, 0x00000000fe200000, 0x0000000100000000)
  eden space 433664K, 0% used [0x00000000d5580000,0x00000000d5580000,0x00000000efd00000)
  from space 22528K, 0% used [0x00000000efd00000,0x00000000efd00000,0x00000000f1300000)
  to   space 117248K, 0% used [0x00000000f6f80000,0x00000000f6f80000,0x00000000fe200000)
 ParOldGen       total 493056K, used 129429K [0x0000000080000000, 0x000000009e180000, 0x00000000d5580000)
  object space 493056K, 26% used [0x0000000080000000,0x0000000087e65760,0x000000009e180000)
 Metaspace       used 316265K, capacity 335556K, committed 339608K, reserved 1345536K
  class space    used 40221K, capacity 43733K, committed 44464K, reserved 1048576K
}
Event: 8251.716 GC heap before
{Heap before GC invocations=77 (full 9):
 PSYoungGen      total 456192K, used 433664K [0x00000000d5580000, 0x00000000fe200000, 0x0000000100000000)
  eden space 433664K, 100% used [0x00000000d5580000,0x00000000efd00000,0x00000000efd00000)
  from space 22528K, 0% used [0x00000000efd00000,0x00000000efd00000,0x00000000f1300000)
  to   space 117248K, 0% used [0x00000000f6f80000,0x00000000f6f80000,0x00000000fe200000)
 ParOldGen       total 493056K, used 129429K [0x0000000080000000, 0x000000009e180000, 0x00000000d5580000)
  object space 493056K, 26% used [0x0000000080000000,0x0000000087e65760,0x000000009e180000)
 Metaspace       used 327687K, capacity 347678K, committed 348056K, reserved 1351680K
  class space    used 41695K, capacity 45360K, committed 45488K, reserved 1048576K
Event: 8251.797 GC heap after
Heap after GC invocations=77 (full 9):
 PSYoungGen      total 542720K, used 83266K [0x00000000d5580000, 0x0000000100000000, 0x0000000100000000)
  eden space 425472K, 0% used [0x00000000d5580000,0x00000000d5580000,0x00000000ef500000)
  from space 117248K, 71% used [0x00000000f6f80000,0x00000000fc0d0a28,0x00000000fe200000)
  to   space 125440K, 0% used [0x00000000ef500000,0x00000000ef500000,0x00000000f6f80000)
 ParOldGen       total 493056K, used 129437K [0x0000000080000000, 0x000000009e180000, 0x00000000d5580000)
  object space 493056K, 26% used [0x0000000080000000,0x0000000087e67760,0x000000009e180000)
 Metaspace       used 327687K, capacity 347678K, committed 348056K, reserved 1351680K
  class space    used 41695K, capacity 45360K, committed 45488K, reserved 1048576K
}

Deoptimization events (10 events):
Event: 8250.850 Thread 0x000000001feaa800 Uncommon trap: reason=bimorphic action=maybe_recompile pc=0x00000000071aca7c method=java.util.stream.MatchOps$MatchOp.evaluateSequential(Ljava/util/stream/PipelineHelper;Ljava/util/Spliterator;)Ljava/lang/Boolean; @ 14
Event: 8251.462 Thread 0x000000001feaa800 Uncommon trap: reason=unstable_if action=reinterpret pc=0x0000000009fbc908 method=com.google.gson.stream.JsonReader.nextNonWhitespace(Z)I @ 61
Event: 8252.206 Thread 0x000000001feaa800 Uncommon trap: reason=unstable_if action=reinterpret pc=0x00000000072c3348 method=kotlin.jvm.internal.Intrinsics.areEqual(Ljava/lang/Object;Ljava/lang/Object;)Z @ 5
Event: 8252.360 Thread 0x000000001feaa800 Uncommon trap: reason=bimorphic action=maybe_recompile pc=0x0000000009b71518 method=com.sun.tools.javac.comp.Resolve.findIdent(Lcom/sun/tools/javac/comp/Env;Lcom/sun/tools/javac/util/Name;I)Lcom/sun/tools/javac/code/Symbol; @ 86
Event: 8252.360 Thread 0x000000001feaa800 Uncommon trap: reason=speculate_class_check action=maybe_recompile pc=0x0000000008c13678 method=com.sun.tools.javac.code.Type.hasTag(Lcom/sun/tools/javac/code/TypeTag;)Z @ 2
Event: 8252.360 Thread 0x000000001feaa800 Uncommon trap: reason=bimorphic action=maybe_recompile pc=0x0000000009b71518 method=com.sun.tools.javac.comp.Resolve.findIdent(Lcom/sun/tools/javac/comp/Env;Lcom/sun/tools/javac/util/Name;I)Lcom/sun/tools/javac/code/Symbol; @ 86
Event: 8252.360 Thread 0x000000001feaa800 Uncommon trap: reason=class_check action=maybe_recompile pc=0x000000000449e5d0 method=com.sun.tools.javac.code.Types.isSignaturePolymorphic(Lcom/sun/tools/javac/code/Symbol$MethodSymbol;)Z @ 4
Event: 8252.401 Thread 0x000000001feaa800 Uncommon trap: reason=class_check action=maybe_recompile pc=0x0000000009b6a480 method=com.sun.tools.javac.comp.Attr$TypeAnnotationsValidator.validateAnnotatedType(Lcom/sun/tools/javac/tree/JCTree;Lcom/sun/tools/javac/code/Type;)V @ 99
Event: 8252.523 Thread 0x000000001feaa800 Uncommon trap: reason=unstable_if action=reinterpret pc=0x0000000009ff4f38 method=android.databinding.tool.reflection.SdkUtil$ApiChecker.buildFullLookup()V @ 49
Event: 8337.570 Thread 0x000000001f384800 Uncommon trap: reason=unstable_if action=reinterpret pc=0x0000000006e89118 method=org.gradle.internal.remote.internal.inet.SocketConnection$SocketOutputStream.writeWithNonBlockingRetry()I @ 13

Classes redefined (0 events):
No events

Internal exceptions (10 events):
Event: 8249.989 Thread 0x000000001feaa800 Exception <a 'java/security/PrivilegedActionException'> (0x00000000e873d1f0) thrown at [C:\src\AOSP-openjdk-git\hotspot\src\share\vm\prims\jvm.cpp, line 1502]
Event: 8249.989 Thread 0x000000001feaa800 Exception <a 'java/security/PrivilegedActionException'> (0x00000000e873d7d0) thrown at [C:\src\AOSP-openjdk-git\hotspot\src\share\vm\prims\jvm.cpp, line 1502]
Event: 8249.989 Thread 0x000000001feaa800 Exception <a 'java/security/PrivilegedActionException'> (0x00000000e873f418) thrown at [C:\src\AOSP-openjdk-git\hotspot\src\share\vm\prims\jvm.cpp, line 1502]
Event: 8249.990 Thread 0x000000001feaa800 Exception <a 'java/security/PrivilegedActionException'> (0x00000000e873f9f8) thrown at [C:\src\AOSP-openjdk-git\hotspot\src\share\vm\prims\jvm.cpp, line 1502]
Event: 8249.990 Thread 0x000000001feaa800 Exception <a 'java/security/PrivilegedActionException'> (0x00000000e8741730) thrown at [C:\src\AOSP-openjdk-git\hotspot\src\share\vm\prims\jvm.cpp, line 1502]
Event: 8249.990 Thread 0x000000001feaa800 Exception <a 'java/security/PrivilegedActionException'> (0x00000000e8741d10) thrown at [C:\src\AOSP-openjdk-git\hotspot\src\share\vm\prims\jvm.cpp, line 1502]
Event: 8250.150 Thread 0x000000001feaa800 Exception <a 'java/lang/IncompatibleClassChangeError': Found class java.lang.Object, but interface was expected> (0x00000000e8a27398) thrown at [C:\src\AOSP-openjdk-git\hotspot\src\share\vm\interpreter\linkResolver.cpp, line 653]
Event: 8251.552 Thread 0x000000001feaa800 Exception <a 'java/lang/NullPointerException'> (0x00000000ef302708) thrown at [C:\src\AOSP-openjdk-git\hotspot\src\share\vm\interpreter\linkResolver.cpp, line 1287]
Event: 8252.533 Thread 0x000000001feaa800 Exception <a 'java/lang/reflect/InvocationTargetException'> (0x00000000db076000) thrown at [C:\src\AOSP-openjdk-git\hotspot\src\share\vm\runtime\reflection.cpp, line 1092]
Event: 8252.595 Thread 0x000000001f649000 Exception <a 'sun/nio/fs/WindowsException'> (0x00000000db427e40) thrown at [C:\src\AOSP-openjdk-git\hotspot\src\share\vm\prims\jni.cpp, line 710]

Events (10 events):
Event: 8337.594 Thread 0x0000000017e72800 flushing nmethod 0x0000000006fe0210
Event: 8337.594 Thread 0x0000000017e72800 flushing nmethod 0x0000000007033810
Event: 8337.595 Thread 0x0000000017e72800 flushing nmethod 0x000000000713ac90
Event: 8337.596 Thread 0x0000000017e72800 flushing nmethod 0x00000000072dce50
Event: 8337.596 Thread 0x0000000017e72800 flushing nmethod 0x00000000073d5290
Event: 8337.596 Thread 0x0000000017e72800 flushing nmethod 0x00000000073f0610
Event: 8337.606 Thread 0x0000000017e72800 flushing nmethod 0x0000000007744dd0
Event: 8337.607 Thread 0x0000000017e72800 flushing nmethod 0x0000000007909990
Event: 8337.610 Thread 0x0000000017e72800 flushing nmethod 0x0000000008014a90
Event: 8337.610 Thread 0x0000000017e72800 flushing nmethod 0x000000000801c7d0


Dynamic libraries:
0x00007ff7edbb0000 - 0x00007ff7edbe1000 	C:\Program Files\Android\Android Studio\jre\bin\java.exe
0x00007ff99d300000 - 0x00007ff99d4f0000 	C:\WINDOWS\SYSTEM32\ntdll.dll
0x00007ff99c710000 - 0x00007ff99c7c2000 	C:\WINDOWS\System32\KERNEL32.DLL
0x00007ff99a5b0000 - 0x00007ff99a855000 	C:\WINDOWS\System32\KERNELBASE.dll
0x00007ff99b790000 - 0x00007ff99b833000 	C:\WINDOWS\System32\ADVAPI32.dll
0x00007ff99b840000 - 0x00007ff99b8de000 	C:\WINDOWS\System32\msvcrt.dll
0x00007ff99d0e0000 - 0x00007ff99d177000 	C:\WINDOWS\System32\sechost.dll
0x00007ff99c520000 - 0x00007ff99c640000 	C:\WINDOWS\System32\RPCRT4.dll
0x00007ff99cf40000 - 0x00007ff99d0d5000 	C:\WINDOWS\System32\USER32.dll
0x00007ff99a490000 - 0x00007ff99a4b1000 	C:\WINDOWS\System32\win32u.dll
0x00007ff99b6d0000 - 0x00007ff99b6f6000 	C:\WINDOWS\System32\GDI32.dll
0x00007ff99b110000 - 0x00007ff99b2a6000 	C:\WINDOWS\System32\gdi32full.dll
0x00007ff99a4c0000 - 0x00007ff99a55e000 	C:\WINDOWS\System32\msvcp_win.dll
0x00007ff99b2b0000 - 0x00007ff99b3aa000 	C:\WINDOWS\System32\ucrtbase.dll
0x00007ff981390000 - 0x00007ff981614000 	C:\WINDOWS\WinSxS\amd64_microsoft.windows.common-controls_6595b64144ccf1df_6.0.18362.1082_none_9e8193e1e45b25c1\COMCTL32.dll
0x00007ff99c1e0000 - 0x00007ff99c515000 	C:\WINDOWS\System32\combase.dll
0x00007ff99a860000 - 0x00007ff99a8e0000 	C:\WINDOWS\System32\bcryptPrimitives.dll
0x00007ff99cd70000 - 0x00007ff99cd9e000 	C:\WINDOWS\System32\IMM32.DLL
0x000000005c4a0000 - 0x000000005c572000 	C:\Program Files\Android\Android Studio\jre\jre\bin\msvcr100.dll
0x000000005b3a0000 - 0x000000005bbeb000 	C:\Program Files\Android\Android Studio\jre\jre\bin\server\jvm.dll
0x00007ff99bac0000 - 0x00007ff99bac8000 	C:\WINDOWS\System32\PSAPI.DLL
0x00007ff981ed0000 - 0x00007ff981ed9000 	C:\WINDOWS\SYSTEM32\WSOCK32.dll
0x00007ff99ce70000 - 0x00007ff99cedf000 	C:\WINDOWS\System32\WS2_32.dll
0x00007ff996f90000 - 0x00007ff996fb4000 	C:\WINDOWS\SYSTEM32\WINMM.dll
0x00007ff98ccc0000 - 0x00007ff98ccca000 	C:\WINDOWS\SYSTEM32\VERSION.dll
0x00007ff996f60000 - 0x00007ff996f8d000 	C:\WINDOWS\SYSTEM32\WINMMBASE.dll
0x00007ff99a560000 - 0x00007ff99a5aa000 	C:\WINDOWS\System32\cfgmgr32.dll
0x00007ff98cf80000 - 0x00007ff98cf8f000 	C:\Program Files\Android\Android Studio\jre\jre\bin\verify.dll
0x00007ff97e3a0000 - 0x00007ff97e3c9000 	C:\Program Files\Android\Android Studio\jre\jre\bin\java.dll
0x00007ff98aab0000 - 0x00007ff98aac6000 	C:\Program Files\Android\Android Studio\jre\jre\bin\zip.dll
0x00007ff99bad0000 - 0x00007ff99c1b7000 	C:\WINDOWS\System32\SHELL32.dll
0x00007ff99ccc0000 - 0x00007ff99cd69000 	C:\WINDOWS\System32\shcore.dll
0x00007ff99a990000 - 0x00007ff99b110000 	C:\WINDOWS\System32\windows.storage.dll
0x00007ff99a240000 - 0x00007ff99a263000 	C:\WINDOWS\System32\profapi.dll
0x00007ff99a1d0000 - 0x00007ff99a21a000 	C:\WINDOWS\System32\powrprof.dll
0x00007ff99a1c0000 - 0x00007ff99a1d0000 	C:\WINDOWS\System32\UMPDC.dll
0x00007ff99b5c0000 - 0x00007ff99b612000 	C:\WINDOWS\System32\shlwapi.dll
0x00007ff99a220000 - 0x00007ff99a231000 	C:\WINDOWS\System32\kernel.appcore.dll
0x00007ff99a970000 - 0x00007ff99a987000 	C:\WINDOWS\System32\cryptsp.dll
0x00007ff9820d0000 - 0x00007ff9820ea000 	C:\Program Files\Android\Android Studio\jre\jre\bin\net.dll
0x00007ff999a10000 - 0x00007ff999a77000 	C:\WINDOWS\system32\mswsock.dll
0x00007ff97e380000 - 0x00007ff97e393000 	C:\Program Files\Android\Android Studio\jre\jre\bin\nio.dll
0x00007ff974050000 - 0x00007ff974076000 	C:\Users\User\.gradle\native\31\windows-amd64\native-platform.dll
0x00007ff98cb80000 - 0x00007ff98cb8d000 	C:\Program Files\Android\Android Studio\jre\jre\bin\management.dll
0x00007ff999580000 - 0x00007ff9995b3000 	C:\WINDOWS\system32\rsaenh.dll
0x00007ff99a940000 - 0x00007ff99a966000 	C:\WINDOWS\System32\bcrypt.dll
0x00007ff99a0e0000 - 0x00007ff99a105000 	C:\WINDOWS\SYSTEM32\USERENV.dll
0x00007ff999be0000 - 0x00007ff999bec000 	C:\WINDOWS\SYSTEM32\CRYPTBASE.dll
0x00007ff999720000 - 0x00007ff99975a000 	C:\WINDOWS\SYSTEM32\IPHLPAPI.DLL
0x00007ff99b780000 - 0x00007ff99b788000 	C:\WINDOWS\System32\NSI.dll
0x00007ff98c490000 - 0x00007ff98c4a6000 	C:\WINDOWS\SYSTEM32\dhcpcsvc6.DLL
0x00007ff98c2b0000 - 0x00007ff98c2cc000 	C:\WINDOWS\SYSTEM32\dhcpcsvc.DLL
0x00007ff999760000 - 0x00007ff99982b000 	C:\WINDOWS\SYSTEM32\DNSAPI.dll
0x00007ff9991f0000 - 0x00007ff999221000 	C:\WINDOWS\SYSTEM32\ntmarta.dll
0x00007ff984940000 - 0x00007ff98495e000 	C:\Users\User\AppData\Local\Temp\native-platform3990473697909442283dir\native-platform.dll
0x0000000066e00000 - 0x0000000066f03000 	C:\Users\User\AppData\Local\Temp\sqlite-3.25.2-7603e6db-faa6-487e-a6c0-d56fda1f0103-sqlitejdbc.dll
0x000000002a190000 - 0x000000002a293000 	C:\Users\User\AppData\Local\Temp\sqlite-3.25.2-c6f3a5a2-bc27-4d55-aba9-c4ef3c4ad3f8-sqlitejdbc.dll
0x000000003a010000 - 0x000000003a113000 	C:\Users\User\AppData\Local\Temp\sqlite-3.25.2-dd05453e-8c9e-4609-b970-79e2a60729c8-sqlitejdbc.dll
0x000000003c3d0000 - 0x000000003c4d3000 	C:\Users\User\AppData\Local\Temp\sqlite-3.25.2-d9e0f0b8-5d73-4020-8f41-a499398fc656-sqlitejdbc.dll
0x000000003ecb0000 - 0x000000003edb3000 	C:\Users\User\AppData\Local\Temp\sqlite-3.25.2-dbd3c8e8-3f83-4601-9e15-359846bcd595-sqlitejdbc.dll
0x000000003dca0000 - 0x000000003dda3000 	C:\Users\User\AppData\Local\Temp\sqlite-3.25.2-68307512-2e7d-4516-8c9b-72c4a5f3ff9b-sqlitejdbc.dll
0x0000000037cb0000 - 0x0000000037db3000 	C:\Users\User\AppData\Local\Temp\sqlite-3.25.2-72614116-b32d-4a2a-b838-c624e36ea896-sqlitejdbc.dll

VM Arguments:
jvm_args: -Xmx2048m -Dfile.encoding=windows-1251 -Duser.country=RU -Duser.language=ru -Duser.variant 
java_command: org.gradle.launcher.daemon.bootstrap.GradleDaemon 6.1.1
java_class_path (initial): C:\Users\User\.gradle\wrapper\dists\gradle-6.1.1-all\cfmwm155h49vnt3hynmlrsdst\gradle-6.1.1\lib\gradle-launcher-6.1.1.jar
Launcher Type: SUN_STANDARD

Environment Variables:
JAVA_HOME=C:\Program Files\Java\jdk-11.0.2
PATH=C:\Python38\Scripts\;C:\Python38\;C:\Program Files\Intel\iCLS Client\;C:\WINDOWS\system32;C:\WINDOWS;C:\WINDOWS\System32\Wbem;C:\WINDOWS\System32\WindowsPowerShell\v1.0\;C:\Program Files (x86)\ATI Technologies\ATI.ACE\Core-Static;C:\WINDOWS\System32\OpenSSH\;C:\Program Files\Java\jdk-11.0.2\bin;C:\Program Files\Intel\WiFi\bin\;C:\Program Files\Common Files\Intel\WirelessCommon\;C:\Program Files\MySQL\MySQL Server 8.0\bin\;C:\Program Files\Java\jdk-11.0.2\bin\;C:\Program Files (x86)\Intel\Intel(R) Management Engine Components\DAL;C:\Program Files\Intel\Intel(R) Management Engine Components\DAL;C:\Program Files (x86)\Common Files\Schneider Electric Shared\SSTA\;C:\Program Files (x86)\Common Files\Schneider Electric Shared\SRCSDK\;C:\ProgramData\chocolatey\bin;C:\Program Files\Git\cmd;C:\Program Files\TortoiseSVN\bin;C:\Program Files\MySQL\MySQL Server 8.0\bin\;C:\Users\User\AppData\Local\Microsoft\WindowsApps;C:\Users\User\AppData\Local\Android\Sdk\platform-tools;C:\Program Files\Java\jdk-11.0.2\bin;
USERNAME=User
OS=Windows_NT
PROCESSOR_IDENTIFIER=Intel64 Family 6 Model 78 Stepping 3, GenuineIntel



---------------  S Y S T E M  ---------------

OS: Windows 10.0 , 64 bit Build 18362 (10.0.18362.1082)

CPU:total 4 (initial active 4) (2 cores per cpu, 2 threads per core) family 6 model 78 stepping 3, cmov, cx8, fxsr, mmx, sse, sse2, sse3, ssse3, sse4.1, sse4.2, popcnt, avx, avx2, aes, clmul, erms, 3dnowpref, lzcnt, ht, tsc, tscinvbit, bmi1, bmi2, adx

Memory: 4k page, physical 16239344k(1783484k free), swap 16239344k(5176k free)

vm_info: OpenJDK 64-Bit Server VM (25.242-b01) for windows-amd64 JRE (1.8.0_242-release-1644-b01), built by "builder" with MS VC++ 10.0 (VS2010)

time: Fri Sep 11 18:11:57 2020
timezone: RTZ 4 (зима)
elapsed time: 8337 seconds (0d 2h 18m 57s)

